<?xml version="1.0" encoding="UTF-8"?>
<!-- Generated by org.testng.reporters.JUnitReportReporter -->
<testsuite hostname="flashdeMacBook-Pro.local" name="com.ele.me.EasyDemo.Mianflow" tests="1" failures="0" timestamp="22 Jun 2015 17:49:00 GMT" time="62.255" errors="0">
  <testcase name="myMainflow" time="62.255" classname="com.ele.me.EasyDemo.Mianflow"/>
</testsuite> <!-- com.ele.me.EasyDemo.Mianflow -->
